[backblue.gif]
[fade.gif]
[index.html]
[browser.sentry-cdn.com/6.4.1/bundle.min.js]
[www.google-analytics.com/analytics.js]
[d13pxqgp3ixdbh.cloudfront.net/uploads/160319610049b9bfbb38266a66aede259615bc66f2.jpg]
[d13pxqgp3ixdbh.cloudfront.net/uploads/160320852612c7d317de3ebf51c8e28a150a8a376c.jpg]
[d13pxqgp3ixdbh.cloudfront.net/uploads/160320944039c8c412bb797b22368c51221e977407.jpg]
[ajax.googleapis.com/ajax/libs/jquery/1/jquery.js]
[d13nu0oomnx5ti.cloudfront.net/e7b530d.js]
[cldoffers.net/public/external/t.js]
[itsverify.com/ab258b3.html]
[d13pxqgp3ixdbh.cloudfront.net/assets/landing_pages/fa/css/font-awesome.min.css]
[d13pxqgp3ixdbh.cloudfront.net/assets/landing_pages/jqueryui/images/ui-bg_diagonal-maze_75_9DD9DB_10x10.png]
[d13pxqgp3ixdbh.cloudfront.net/assets/landing_pages/jqueryui/images/ui-bg_gloss-wave_75_1A676B_500x100.png]
[d13pxqgp3ixdbh.cloudfront.net/assets/landing_pages/jqueryui/images/ui-bg_highlight-soft_75_5AA6A9_1x100.png]
[d13pxqgp3ixdbh.cloudfront.net/assets/landing_pages/jqueryui/images/ui-bg_inset-soft_75_043D3F_1x100.png]
[d13pxqgp3ixdbh.cloudfront.net/assets/landing_pages/jqueryui/images/ui-bg_highlight-soft_65_1A676B_1x100.png]
[d13pxqgp3ixdbh.cloudfront.net/assets/landing_pages/jqueryui/images/ui-bg_loop_75_FFD9B8_21x21.png]
[d13pxqgp3ixdbh.cloudfront.net/assets/landing_pages/jqueryui/images/ui-bg_diagonals-thick_75_FFB8BA_40x40.png]
[d13pxqgp3ixdbh.cloudfront.net/assets/landing_pages/jqueryui/images/ui-icons_043D3F_256x240.png]
[d13pxqgp3ixdbh.cloudfront.net/assets/landing_pages/jqueryui/images/ui-icons_9DD9DB_256x240.png]
[d13pxqgp3ixdbh.cloudfront.net/assets/landing_pages/jqueryui/images/ui-icons_1A676B_256x240.png]
[d13pxqgp3ixdbh.cloudfront.net/assets/landing_pages/jqueryui/images/ui-icons_982326_256x240.png]
[d13pxqgp3ixdbh.cloudfront.net/assets/landing_pages/jqueryui/jquery-ui.min.css]
[d13pxqgp3ixdbh.cloudfront.net/assets/content_lockers/css_front.css]
[d13pxqgp3ixdbh.cloudfront.net/assets/content_lockers/noty-2.3.8/demo/animate.css]
[d13pxqgp3ixdbh.cloudfront.net/assets/landing_pages/jqueryui/jquery-ui.min.js]
[d13pxqgp3ixdbh.cloudfront.net/assets/content_lockers/noty-2.3.8/js/noty/packaged/jquery.noty.packaged.js]
[itsverify.com/customTemplateGlobal.html]
